<?xml version="1.0" encoding="UTF-8"?>
<!-- Generated by org.testng.reporters.JUnitXMLReporter -->
<testsuite hostname="neha2691-01" ignored="0" name="Test" tests="2" failures="1" timestamp="28 Sep 2019 08:40:32 GMT" time="22.898" errors="0">
  <testcase name="login" time="0.67" classname="com.qualityboosters.qa.pages.LoginPageTest"/>
  <testcase name="addTitle" time="15.973" classname="com.qualityboosters.qa.pages.AddMovieTest">
    <failure type="java.lang.NullPointerException">
      <![CDATA[java.lang.NullPointerException
	at org.openqa.selenium.support.events.EventFiringWebDriver.extractInterfaces(EventFiringWebDriver.java:120)
	at org.openqa.selenium.support.events.EventFiringWebDriver.access$300(EventFiringWebDriver.java:69)
	at org.openqa.selenium.support.events.EventFiringWebDriver$EventFiringWebElement.<init>(EventFiringWebDriver.java:397)
	at org.openqa.selenium.support.events.EventFiringWebDriver$EventFiringWebElement.<init>(EventFiringWebDriver.java:389)
	at org.openqa.selenium.support.events.EventFiringWebDriver.createWebElement(EventFiringWebDriver.java:327)
	at org.openqa.selenium.support.events.EventFiringWebDriver.findElement(EventFiringWebDriver.java:196)
	at org.openqa.selenium.support.pagefactory.DefaultElementLocator.findElement(DefaultElementLocator.java:69)
	at org.openqa.selenium.support.pagefactory.internal.LocatingElementHandler.invoke(LocatingElementHandler.java:38)
	at com.sun.proxy.$Proxy10.sendKeys(Unknown Source)
	at com.qualityboosters.qa.pages.AddMovie.addMovieTitle(AddMovie.java:39)
	at com.qualityboosters.qa.pages.AddMovieTest.addTitle(AddMovieTest.java:28)
... Removed 25 stack frames]]>
    </failure>
  </testcase> <!-- addTitle -->
</testsuite> <!-- Test -->
