<?xml version="1.0" encoding="UTF-8"?>
<testng-results skipped="0" failed="1" ignored="0" total="2" passed="1">
  <reporter-output>
  </reporter-output>
  <suite name="Suite" duration-ms="22898" started-at="2019-09-28T08:40:09Z" finished-at="2019-09-28T08:40:32Z">
    <groups>
    </groups>
    <test name="Test" duration-ms="22898" started-at="2019-09-28T08:40:09Z" finished-at="2019-09-28T08:40:32Z">
      <class name="com.qualityboosters.qa.pages.LoginPageTest">
        <test-method status="PASS" signature="init()[pri:0, instance:com.qualityboosters.qa.pages.LoginPageTest@3bfdc050]" name="init" is-config="true" duration-ms="5804" started-at="2019-09-28T14:10:09Z" finished-at="2019-09-28T14:10:15Z">
          <reporter-output>
          </reporter-output>
        </test-method> <!-- init -->
        <test-method status="PASS" signature="login()[pri:0, instance:com.qualityboosters.qa.pages.LoginPageTest@3bfdc050]" name="login" duration-ms="670" started-at="2019-09-28T14:10:15Z" finished-at="2019-09-28T14:10:16Z">
          <reporter-output>
          </reporter-output>
        </test-method> <!-- login -->
      </class> <!-- com.qualityboosters.qa.pages.LoginPageTest -->
      <class name="com.qualityboosters.qa.pages.AddMovieTest">
        <test-method status="PASS" signature="init()[pri:0, instance:com.qualityboosters.qa.pages.AddMovieTest@1bce4f0a]" name="init" is-config="true" duration-ms="423" started-at="2019-09-28T14:10:16Z" finished-at="2019-09-28T14:10:16Z">
          <reporter-output>
          </reporter-output>
        </test-method> <!-- init -->
        <test-method status="FAIL" signature="addTitle()[pri:0, instance:com.qualityboosters.qa.pages.AddMovieTest@1bce4f0a]" name="addTitle" duration-ms="15973" started-at="2019-09-28T14:10:16Z" finished-at="2019-09-28T14:10:32Z">
          <exception class="java.lang.NullPointerException">
            <full-stacktrace>
              <![CDATA[java.lang.NullPointerException
	at org.openqa.selenium.support.events.EventFiringWebDriver.extractInterfaces(EventFiringWebDriver.java:120)
	at org.openqa.selenium.support.events.EventFiringWebDriver.access$300(EventFiringWebDriver.java:69)
	at org.openqa.selenium.support.events.EventFiringWebDriver$EventFiringWebElement.<init>(EventFiringWebDriver.java:397)
	at org.openqa.selenium.support.events.EventFiringWebDriver$EventFiringWebElement.<init>(EventFiringWebDriver.java:389)
	at org.openqa.selenium.support.events.EventFiringWebDriver.createWebElement(EventFiringWebDriver.java:327)
	at org.openqa.selenium.support.events.EventFiringWebDriver.findElement(EventFiringWebDriver.java:196)
	at org.openqa.selenium.support.pagefactory.DefaultElementLocator.findElement(DefaultElementLocator.java:69)
	at org.openqa.selenium.support.pagefactory.internal.LocatingElementHandler.invoke(LocatingElementHandler.java:38)
	at com.sun.proxy.$Proxy10.sendKeys(Unknown Source)
	at com.qualityboosters.qa.pages.AddMovie.addMovieTitle(AddMovie.java:39)
	at com.qualityboosters.qa.pages.AddMovieTest.addTitle(AddMovieTest.java:28)
	at sun.reflect.NativeMethodAccessorImpl.invoke0(Native Method)
	at sun.reflect.NativeMethodAccessorImpl.invoke(NativeMethodAccessorImpl.java:62)
	at sun.reflect.DelegatingMethodAccessorImpl.invoke(DelegatingMethodAccessorImpl.java:43)
	at java.lang.reflect.Method.invoke(Method.java:498)
	at org.testng.internal.MethodInvocationHelper.invokeMethod(MethodInvocationHelper.java:108)
	at org.testng.internal.Invoker.invokeMethod(Invoker.java:661)
	at org.testng.internal.Invoker.invokeTestMethod(Invoker.java:869)
	at org.testng.internal.Invoker.invokeTestMethods(Invoker.java:1193)
	at org.testng.internal.TestMethodWorker.invokeTestMethods(TestMethodWorker.java:126)
	at org.testng.internal.TestMethodWorker.run(TestMethodWorker.java:109)
	at org.testng.TestRunner.privateRun(TestRunner.java:744)
	at org.testng.TestRunner.run(TestRunner.java:602)
	at org.testng.SuiteRunner.runTest(SuiteRunner.java:380)
	at org.testng.SuiteRunner.runSequentially(SuiteRunner.java:375)
	at org.testng.SuiteRunner.privateRun(SuiteRunner.java:340)
	at org.testng.SuiteRunner.run(SuiteRunner.java:289)
	at org.testng.SuiteRunnerWorker.runSuite(SuiteRunnerWorker.java:52)
	at org.testng.SuiteRunnerWorker.run(SuiteRunnerWorker.java:86)
	at org.testng.TestNG.runSuitesSequentially(TestNG.java:1301)
	at org.testng.TestNG.runSuitesLocally(TestNG.java:1226)
	at org.testng.TestNG.runSuites(TestNG.java:1144)
	at org.testng.TestNG.run(TestNG.java:1115)
	at org.testng.remote.AbstractRemoteTestNG.run(AbstractRemoteTestNG.java:114)
	at org.testng.remote.RemoteTestNG.initAndRun(RemoteTestNG.java:251)
	at org.testng.remote.RemoteTestNG.main(RemoteTestNG.java:77)
]]>
            </full-stacktrace>
          </exception> <!-- java.lang.NullPointerException -->
          <reporter-output>
          </reporter-output>
        </test-method> <!-- addTitle -->
      </class> <!-- com.qualityboosters.qa.pages.AddMovieTest -->
    </test> <!-- Test -->
  </suite> <!-- Suite -->
</testng-results>
